app/build/outputs/logs/manifest-merger-debug-report.txt
-- Merging decision tree log ---
manifest
ADDED from src/main/AndroidManifest.xml:2:1-138:12
INJECTED from src/main/AndroidManifest.xml:2:1-138:12
INJECTED from src/main/AndroidManifest.xml:2:1-138:12
INJECTED from src/main/AndroidManifest.xml:2:1-138:12
MERGED from [io.realm:realm-android-library:10.18.0] AndroidManifest.xml:2:1-7:12
MERGED from [com.google.android.material:material:1.12.0] AndroidManifest.xml:17:1-24:12
MERGED from [androidx.preference:preference:1.2.1] AndroidManifest.xml:17:1-24:12
MERGED from [androidx.constraintlayout:constraintlayout:2.1.4] AndroidManifest.xml:2:1-11:12
MERGED from [com.github.bmelnychuk:atv:1.2.9] AndroidManifest.xml:2:1-14:12
MERGED from [com.github.devlight.navigationtabstrip:navigationtabstrip:1.0.4] AndroidManifest.xml:14:1-29:12
MERGED from [com.afollestad.material-dialogs:commons:0.9.6.0] AndroidManifest.xml:2:1-14:12
MERGED from [com.github.tiagohm.MarkdownView:library:0.19.0] AndroidManifest.xml:2:1-11:12
MERGED from [com.github.mirrajabi:search-dialog:1.2.4] AndroidManifest.xml:2:1-17:12
MERGED from [com.sdsmdg.harjot:croller:1.0.7] AndroidManifest.xml:2:1-17:12
MERGED from [com.github.BeppiMenozzi:Knob:1.9.0] AndroidManifest.xml:2:1-17:12
MERGED from [com.github.Vatican-Cameos:CarouselPicker:1.2] AndroidManifest.xml:2:1-17:12
MERGED from [com.github.GoodieBag:ProtractorView:v1.2] AndroidManifest.xml:2:1-17:12
MERGED from [com.github.Triggertrap:SeekArc:v1.1] AndroidManifest.xml:25:1-40:12
MERGED from [androidx.appcompat:appcompat-resources:1.7.0] AndroidManifest.xml:2:1-7:12
MERGED from [com.afollestad.material-dialogs:core:0.9.6.0] AndroidManifest.xml:2:1-15:12
MERGED from [com.github.BeppiMenozzi:BalloonPopup:0.2.8] AndroidManifest.xml:2:1-17:12
MERGED from [me.zhanghai.android.materialprogressbar:library:1.4.2] AndroidManifest.xml:6:1-16:12
MERGED from [androidx.appcompat:appcompat:1.7.0] AndroidManifest.xml:2:1-7:12
MERGED from [androidx.cardview:cardview:1.0.0] AndroidManifest.xml:17:1-22:12
MERGED from [androidx.viewpager2:viewpager2:1.1.0-beta02] AndroidManifest.xml:2:1-7:12
MERGED from [androidx.recyclerview:recyclerview:1.3.2] AndroidManifest.xml:17:1-22:12
MERGED from [androidx.browser:browser:1.8.0] AndroidManifest.xml:2:1-7:12
MERGED from [com.github.PhilJay:MPAndroidChart:v3.1.0] AndroidManifest.xml:2:1-20:12
MERGED from [de.hdodenhof:circleimageview:3.1.0] AndroidManifest.xml:2:1-11:12
MERGED from [com.github.mik3y:usb-serial-for-android:3.7.3] AndroidManifest.xml:2:1-7:12
MERGED from [com.github.medyo:android-about-page:1.3.1] AndroidManifest.xml:2:1-11:12
MERGED from [com.github.warkiz.widget:indicatorseekbar:2.1.2] AndroidManifest.xml:2:1-11:12
MERGED from [com.github.anastr:speedviewlib:1.6.1] AndroidManifest.xml:2:1-10:12
MERGED from [com.squareup.picasso:picasso:2.71828] AndroidManifest.xml:2:1-14:12
MERGED from [com.jakewharton:butterknife:10.2.3] AndroidManifest.xml:2:1-7:12
MERGED from [org.osmdroid:osmdroid-mapsforge:6.1.18] AndroidManifest.xml:2:1-9:12
MERGED from [org.osmdroid:osmdroid-geopackage:6.1.18] AndroidManifest.xml:2:1-9:12
MERGED from [org.osmdroid:osmdroid-android:6.1.18] AndroidManifest.xml:2:1-27:12
MERGED from [io.realm:android-adapters:4.0.0] AndroidManifest.xml:2:1-9:12
MERGED from [com.getkeepsafe.relinker:relinker:1.4.3] AndroidManifest.xml:2:1-7:12
MERGED from [io.reactivex.rxjava2:rxandroid:2.1.1] AndroidManifest.xml:15:1-20:12
MERGED from [androidx.fragment:fragment-ktx:1.3.6] AndroidManifest.xml:17:1-24:12
MERGED from [androidx.fragment:fragment:1.5.4] AndroidManifest.xml:17:1-24:12
MERGED from [androidx.activity:activity-ktx:1.8.0] AndroidManifest.xml:2:1-7:12
MERGED from [androidx.activity:activity:1.8.0] AndroidManifest.xml:17:1-22:12
MERGED from [androidx.customview:customview-poolingcontainer:1.0.0] AndroidManifest.xml:17:1-23:12
MERGED from [androidx.savedstate:savedstate-ktx:1.2.1] AndroidManifest.xml:17:1-22:12
MERGED from [androidx.savedstate:savedstate:1.2.1] AndroidManifest.xml:17:1-22:12
MERGED from [androidx.emoji2:emoji2-views-helper:1.3.0] AndroidManifest.xml:2:1-7:12
MERGED from [androidx.emoji2:emoji2:1.3.0] AndroidManifest.xml:17:1-35:12
MERGED from [androidx.slidingpanelayout:slidingpanelayout:1.2.0] AndroidManifest.xml:17:1-24:12
MERGED from [androidx.transition:transition:1.5.0] AndroidManifest.xml:2:1-7:12
MERGED from [androidx.dynamicanimation:dynamicanimation:1.0.0] AndroidManifest.xml:17:1-22:12
MERGED from [androidx.legacy:legacy-support-core-utils:1.0.0] AndroidManifest.xml:17:1-22:12
MERGED from [androidx.loader:loader:1.0.0] AndroidManifest.xml:17:1-22:12
MERGED from [androidx.lifecycle:lifecycle-runtime-ktx:2.6.2] AndroidManifest.xml:17:1-22:12
MERGED from [androidx.lifecycle:lifecycle-livedata:2.6.2] AndroidManifest.xml:17:1-22:12
MERGED from [androidx.lifecycle:lifecycle-viewmodel-ktx:2.6.2] AndroidManifest.xml:17:1-22:12
MERGED from [androidx.lifecycle:lifecycle-livedata-core-ktx:2.6.2] AndroidManifest.xml:17:1-22:12
MERGED from [androidx.lifecycle:lifecycle-viewmodel:2.6.2] AndroidManifest.xml:17:1-22:12
MERGED from [androidx.lifecycle:lifecycle-process:2.6.2] AndroidManifest.xml:17:1-35:12
MERGED from [androidx.lifecycle:lifecycle-livedata-core:2.6.2] AndroidManifest.xml:17:1-22:12
MERGED from [androidx.lifecycle:lifecycle-runtime:2.6.2] AndroidManifest.xml:2:1-7:12
MERGED from [androidx.lifecycle:lifecycle-viewmodel-savedstate:2.6.2] AndroidManifest.xml:17:1-22:12
MERGED from [androidx.core:core-ktx:1.13.0] AndroidManifest.xml:2:1-7:12
MERGED from [androidx.drawerlayout:drawerlayout:1.1.1] AndroidManifest.xml:17:1-24:12
MERGED from [androidx.coordinatorlayout:coordinatorlayout:1.1.0] AndroidManifest.xml:17:1-24:12
MERGED from [androidx.vectordrawable:vectordrawable-animated:1.1.0] AndroidManifest.xml:17:1-24:12
MERGED from [androidx.vectordrawable:vectordrawable:1.1.0] AndroidManifest.xml:17:1-24:12
MERGED from [com.jakewharton:butterknife-runtime:10.2.3] AndroidManifest.xml:2:1-7:12
MERGED from [androidx.viewpager:viewpager:1.0.0] AndroidManifest.xml:17:1-22:12
MERGED from [androidx.customview:customview:1.1.0] AndroidManifest.xml:17:1-24:12
MERGED from [androidx.window:window:1.0.0] AndroidManifest.xml:17:1-33:12
MERGED from [androidx.core:core:1.13.0] AndroidManifest.xml:17:1-30:12
MERGED from [androidx.cursoradapter:cursoradapter:1.0.0] AndroidManifest.xml:17:1-22:12
MERGED from [androidx.profileinstaller:profileinstaller:1.3.1] AndroidManifest.xml:17:1-55:12
MERGED from [androidx.versionedparcelable:versionedparcelable:1.1.1] AndroidManifest.xml:17:1-27:12
MERGED from [androidx.interpolator:interpolator:1.0.0] AndroidManifest.xml:17:1-22:12
MERGED from [androidx.exifinterface:exifinterface:1.0.0] AndroidManifest.xml:17:1-22:12
MERGED from [androidx.startup:startup-runtime:1.1.1] AndroidManifest.xml:17:1-33:12
MERGED from [androidx.tracing:tracing:1.0.0] AndroidManifest.xml:17:1-24:12
MERGED from [mil.nga.geopackage:geopackage-android:6.6.0] AndroidManifest.xml:2:1-18:12
MERGED from [androidx.documentfile:documentfile:1.0.1] AndroidManifest.xml:17:1-22:12
MERGED from [androidx.arch.core:core-runtime:2.2.0] AndroidManifest.xml:17:1-22:12
MERGED from [androidx.localbroadcastmanager:localbroadcastmanager:1.0.0] AndroidManifest.xml:17:1-22:12
MERGED from [androidx.print:print:1.0.0] AndroidManifest.xml:17:1-22:12
MERGED from [androidx.annotation:annotation-experimental:1.4.0] AndroidManifest.xml:2:1-7:12
MERGED from [com.orhanobut:logger:1.15] AndroidManifest.xml:2:1-8:12
MERGED from [mil.nga:sqlite-android:3390300] AndroidManifest.xml:2:1-17:12
	package
		INJECTED from src/main/AndroidManifest.xml
	android:versionName
		INJECTED from src/main/AndroidManifest.xml
	xmlns:tools
		ADDED from src/main/AndroidManifest.xml:3:5-51
	android:versionCode
		INJECTED from src/main/AndroidManifest.xml
	xmlns:android
		ADDED from src/main/AndroidManifest.xml:2:11-69
uses-permission#android.permission.WRITE_EXTERNAL_STORAGE
ADDED from src/main/AndroidManifest.xml:5:5-6:40
	tools:ignore
		ADDED from src/main/AndroidManifest.xml:6:9-37
	android:name
		ADDED from src/main/AndroidManifest.xml:5:22-78
uses-permission#android.permission.READ_EXTERNAL_STORAGE
ADDED from src/main/AndroidManifest.xml:7:5-80
	android:name
		ADDED from src/main/AndroidManifest.xml:7:22-77
uses-permission#android.permission.INTERNET
ADDED from src/main/AndroidManifest.xml:8:5-67
	android:name
		ADDED from src/main/AndroidManifest.xml:8:22-64
uses-permission#android.permission.RECORD_AUDIO
ADDED from src/main/AndroidManifest.xml:9:5-71
	android:name
		ADDED from src/main/AndroidManifest.xml:9:22-68
uses-permission#android.permission.BLUETOOTH
ADDED from src/main/AndroidManifest.xml:10:5-68
	android:name
		ADDED from src/main/AndroidManifest.xml:10:22-65
uses-permission#android.permission.BLUETOOTH_ADMIN
ADDED from src/main/AndroidManifest.xml:11:5-74
	android:name
		ADDED from src/main/AndroidManifest.xml:11:22-71
uses-permission#android.permission.ACCESS_FINE_LOCATION
ADDED from src/main/AndroidManifest.xml:12:5-79
	android:name
		ADDED from src/main/AndroidManifest.xml:12:22-76
uses-permission#android.permission.ACCESS_COARSE_LOCATION
ADDED from src/main/AndroidManifest.xml:13:5-81
	android:name
		ADDED from src/main/AndroidManifest.xml:13:22-78
uses-permission#android.permission.HIGH_SAMPLING_RATE_SENSORS
ADDED from src/main/AndroidManifest.xml:14:5-15:43
	tools:ignore
		ADDED from src/main/AndroidManifest.xml:15:9-40
	android:name
		ADDED from src/main/AndroidManifest.xml:14:22-82
uses-permission#android.permission.DISABLE_KEYGUARD
ADDED from src/main/AndroidManifest.xml:16:5-74
	android:name
		ADDED from src/main/AndroidManifest.xml:16:22-72
uses-permission#android.permission.WAKE_LOCK
ADDED from src/main/AndroidManifest.xml:17:5-67
	android:name
		ADDED from src/main/AndroidManifest.xml:17:22-65
uses-permission#android.permission.CHANGE_CONFIGURATION
ADDED from src/main/AndroidManifest.xml:18:5-78
	android:name
		ADDED from src/main/AndroidManifest.xml:18:22-76
uses-permission#android.permission.DUMP
ADDED from src/main/AndroidManifest.xml:19:5-62
	android:name
		ADDED from src/main/AndroidManifest.xml:19:22-60
uses-feature#android.hardware.sensor.light
ADDED from src/main/AndroidManifest.xml:21:5-23:36
	android:required
		ADDED from src/main/AndroidManifest.xml:23:9-33
	android:name
		ADDED from src/main/AndroidManifest.xml:22:9-53
uses-feature#android.hardware.usb.host
ADDED from src/main/AndroidManifest.xml:24:5-62
	android:name
		ADDED from src/main/AndroidManifest.xml:24:19-59
application
ADDED from src/main/AndroidManifest.xml:26:5-136:19
INJECTED from src/main/AndroidManifest.xml:26:5-136:19
MERGED from [com.google.android.material:material:1.12.0] AndroidManifest.xml:22:5-20
MERGED from [com.google.android.material:material:1.12.0] AndroidManifest.xml:22:5-20
MERGED from [androidx.constraintlayout:constraintlayout:2.1.4] AndroidManifest.xml:9:5-20
MERGED from [androidx.constraintlayout:constraintlayout:2.1.4] AndroidManifest.xml:9:5-20
MERGED from [com.github.bmelnychuk:atv:1.2.9] AndroidManifest.xml:12:5-20
MERGED from [com.github.bmelnychuk:atv:1.2.9] AndroidManifest.xml:12:5-20
MERGED from [com.github.devlight.navigationtabstrip:navigationtabstrip:1.0.4] AndroidManifest.xml:23:5-27:19
MERGED from [com.github.devlight.navigationtabstrip:navigationtabstrip:1.0.4] AndroidManifest.xml:23:5-27:19
MERGED from [com.afollestad.material-dialogs:commons:0.9.6.0] AndroidManifest.xml:12:5-20
MERGED from [com.afollestad.material-dialogs:commons:0.9.6.0] AndroidManifest.xml:12:5-20
MERGED from [com.github.mirrajabi:search-dialog:1.2.4] AndroidManifest.xml:11:5-15:19
MERGED from [com.github.mirrajabi:search-dialog:1.2.4] AndroidManifest.xml:11:5-15:19
MERGED from [com.sdsmdg.harjot:croller:1.0.7] AndroidManifest.xml:11:5-15:19
MERGED from [com.sdsmdg.harjot:croller:1.0.7] AndroidManifest.xml:11:5-15:19
MERGED from [com.github.BeppiMenozzi:Knob:1.9.0] AndroidManifest.xml:11:5-15:19
MERGED from [com.github.BeppiMenozzi:Knob:1.9.0] AndroidManifest.xml:11:5-15:19
MERGED from [com.github.Vatican-Cameos:CarouselPicker:1.2] AndroidManifest.xml:11:5-15:19
MERGED from [com.github.Vatican-Cameos:CarouselPicker:1.2] AndroidManifest.xml:11:5-15:19
MERGED from [com.github.GoodieBag:ProtractorView:v1.2] AndroidManifest.xml:11:5-15:19
MERGED from [com.github.GoodieBag:ProtractorView:v1.2] AndroidManifest.xml:11:5-15:19
MERGED from [com.github.Triggertrap:SeekArc:v1.1] AndroidManifest.xml:34:5-38:19
MERGED from [com.github.Triggertrap:SeekArc:v1.1] AndroidManifest.xml:34:5-38:19
MERGED from [com.afollestad.material-dialogs:core:0.9.6.0] AndroidManifest.xml:13:5-20
MERGED from [com.afollestad.material-dialogs:core:0.9.6.0] AndroidManifest.xml:13:5-20
MERGED from [com.github.BeppiMenozzi:BalloonPopup:0.2.8] AndroidManifest.xml:11:5-15:19
MERGED from [com.github.BeppiMenozzi:BalloonPopup:0.2.8] AndroidManifest.xml:11:5-15:19
MERGED from [de.hdodenhof:circleimageview:3.1.0] AndroidManifest.xml:9:5-20
MERGED from [de.hdodenhof:circleimageview:3.1.0] AndroidManifest.xml:9:5-20
MERGED from [com.github.anastr:speedviewlib:1.6.1] AndroidManifest.xml:7:5-8:19
MERGED from [com.github.anastr:speedviewlib:1.6.1] AndroidManifest.xml:7:5-8:19
MERGED from [com.squareup.picasso:picasso:2.71828] AndroidManifest.xml:7:5-12:19
MERGED from [com.squareup.picasso:picasso:2.71828] AndroidManifest.xml:7:5-12:19
MERGED from [androidx.emoji2:emoji2:1.3.0] AndroidManifest.xml:23:5-33:19
MERGED from [androidx.emoji2:emoji2:1.3.0] AndroidManifest.xml:23:5-33:19
MERGED from [androidx.lifecycle:lifecycle-process:2.6.2] AndroidManifest.xml:23:5-33:19
MERGED from [androidx.lifecycle:lifecycle-process:2.6.2] AndroidManifest.xml:23:5-33:19
MERGED from [androidx.window:window:1.0.0] AndroidManifest.xml:24:5-31:19
MERGED from [androidx.window:window:1.0.0] AndroidManifest.xml:24:5-31:19
MERGED from [androidx.core:core:1.13.0] AndroidManifest.xml:28:5-89
MERGED from [androidx.core:core:1.13.0] AndroidManifest.xml:28:5-89
MERGED from [androidx.profileinstaller:profileinstaller:1.3.1] AndroidManifest.xml:23:5-53:19
MERGED from [androidx.profileinstaller:profileinstaller:1.3.1] AndroidManifest.xml:23:5-53:19
MERGED from [androidx.versionedparcelable:versionedparcelable:1.1.1] AndroidManifest.xml:24:5-25:19
MERGED from [androidx.versionedparcelable:versionedparcelable:1.1.1] AndroidManifest.xml:24:5-25:19
MERGED from [androidx.startup:startup-runtime:1.1.1] AndroidManifest.xml:25:5-31:19
MERGED from [androidx.startup:startup-runtime:1.1.1] AndroidManifest.xml:25:5-31:19
MERGED from [mil.nga.geopackage:geopackage-android:6.6.0] AndroidManifest.xml:10:5-16:19
MERGED from [mil.nga.geopackage:geopackage-android:6.6.0] AndroidManifest.xml:10:5-16:19
MERGED from [mil.nga:sqlite-android:3390300] AndroidManifest.xml:11:5-15:19
MERGED from [mil.nga:sqlite-android:3390300] AndroidManifest.xml:11:5-15:19
	android:extractNativeLibs
		INJECTED from src/main/AndroidManifest.xml
	android:roundIcon
		ADDED from src/main/AndroidManifest.xml:33:9-53
	android:icon
		ADDED from src/main/AndroidManifest.xml:28:9-42
		REJECTED from [com.github.Triggertrap:SeekArc:v1.1] AndroidManifest.xml:36:9-45
	android:fullBackupOnly
		ADDED from [mil.nga.geopackage:geopackage-android:6.6.0] AndroidManifest.xml:12:9-39
	android:appComponentFactory
		ADDED from [androidx.core:core:1.13.0] AndroidManifest.xml:28:18-86
	android:supportsRtl
		ADDED from src/main/AndroidManifest.xml:34:9-35
	android:label
		ADDED from src/main/AndroidManifest.xml:29:9-41
	android:fullBackupContent
		ADDED from src/main/AndroidManifest.xml:31:9-42
	android:allowBackup
		ADDED from src/main/AndroidManifest.xml:30:9-36
		REJECTED from [com.github.devlight.navigationtabstrip:navigationtabstrip:1.0.4] AndroidManifest.xml:24:9-35
		REJECTED from [com.github.mirrajabi:search-dialog:1.2.4] AndroidManifest.xml:12:9-35
		REJECTED from [com.sdsmdg.harjot:croller:1.0.7] AndroidManifest.xml:12:9-35
		REJECTED from [com.github.BeppiMenozzi:Knob:1.9.0] AndroidManifest.xml:12:9-35
		REJECTED from [com.github.Vatican-Cameos:CarouselPicker:1.2] AndroidManifest.xml:12:9-35
		REJECTED from [com.github.GoodieBag:ProtractorView:v1.2] AndroidManifest.xml:12:9-35
		REJECTED from [com.github.Triggertrap:SeekArc:v1.1] AndroidManifest.xml:35:9-35
		REJECTED from [com.github.BeppiMenozzi:BalloonPopup:0.2.8] AndroidManifest.xml:12:9-35
		REJECTED from [mil.nga.geopackage:geopackage-android:6.6.0] AndroidManifest.xml:11:9-36
		REJECTED from [mil.nga:sqlite-android:3390300] AndroidManifest.xml:12:9-35
	android:theme
		ADDED from src/main/AndroidManifest.xml:35:9-40
	android:dataExtractionRules
		ADDED from src/main/AndroidManifest.xml:32:9-65
	tools:replace
		ADDED from src/main/AndroidManifest.xml:36:9-57
	android:usesCleartextTraffic
		ADDED from [mil.nga.geopackage:geopackage-android:6.6.0] AndroidManifest.xml:14:9-44
	android:name
		ADDED from src/main/AndroidManifest.xml:27:9-41
uses-library#org.apache.http.legacy
ADDED from src/main/AndroidManifest.xml:37:9-39:40
	android:required
		ADDED from src/main/AndroidManifest.xml:39:13-37
	android:name
		ADDED from src/main/AndroidManifest.xml:38:13-50
activity#io.pslab.activity.SoundMeterActivity
ADDED from src/main/AndroidManifest.xml:41:9-43:54
	android:screenOrientation
		ADDED from src/main/AndroidManifest.xml:43:13-51
	android:name
		ADDED from src/main/AndroidManifest.xml:42:13-56
activity#io.pslab.activity.CreateConfigActivity
ADDED from src/main/AndroidManifest.xml:44:9-67
	android:name
		ADDED from src/main/AndroidManifest.xml:44:19-64
activity#io.pslab.activity.ThermometerActivity
ADDED from src/main/AndroidManifest.xml:45:9-48:47
	android:screenOrientation
		ADDED from src/main/AndroidManifest.xml:47:13-51
	android:theme
		ADDED from src/main/AndroidManifest.xml:48:13-44
	android:name
		ADDED from src/main/AndroidManifest.xml:46:13-57
activity#io.pslab.activity.RoboticArmActivity
ADDED from src/main/AndroidManifest.xml:49:9-51:59
	android:screenOrientation
		ADDED from src/main/AndroidManifest.xml:51:13-56
	android:name
		ADDED from src/main/AndroidManifest.xml:50:13-56
activity#io.pslab.activity.SplashActivity
ADDED from src/main/AndroidManifest.xml:52:9-62:20
	android:screenOrientation
		ADDED from src/main/AndroidManifest.xml:54:13-45
	android:exported
		ADDED from src/main/AndroidManifest.xml:56:13-36
	android:theme
		ADDED from src/main/AndroidManifest.xml:55:13-50
	android:name
		ADDED from src/main/AndroidManifest.xml:53:13-52
intent-filter#action:name:android.intent.action.MAIN+category:name:android.intent.category.LAUNCHER
ADDED from src/main/AndroidManifest.xml:57:13-61:29
action#android.intent.action.MAIN
ADDED from src/main/AndroidManifest.xml:58:17-69
	android:name
		ADDED from src/main/AndroidManifest.xml:58:25-66
category#android.intent.category.LAUNCHER
ADDED from src/main/AndroidManifest.xml:60:17-77
	android:name
		ADDED from src/main/AndroidManifest.xml:60:27-74
activity#io.pslab.activity.MainActivity
ADDED from src/main/AndroidManifest.xml:63:9-75:20
	android:launchMode
		ADDED from src/main/AndroidManifest.xml:66:13-44
	android:exported
		ADDED from src/main/AndroidManifest.xml:67:13-37
	android:configChanges
		ADDED from src/main/AndroidManifest.xml:65:13-74
	android:name
		ADDED from src/main/AndroidManifest.xml:64:13-50
intent-filter#action:name:android.hardware.usb.action.USB_DEVICE_ATTACHED
ADDED from src/main/AndroidManifest.xml:68:13-70:29
action#android.hardware.usb.action.USB_DEVICE_ATTACHED
ADDED from src/main/AndroidManifest.xml:69:17-90
	android:name
		ADDED from src/main/AndroidManifest.xml:69:25-87
meta-data#android.hardware.usb.action.USB_DEVICE_ATTACHED
ADDED from src/main/AndroidManifest.xml:72:13-74:57
	android:resource
		ADDED from src/main/AndroidManifest.xml:74:17-54
	android:name
		ADDED from src/main/AndroidManifest.xml:73:17-79
activity#io.pslab.activity.SettingsActivity
ADDED from src/main/AndroidManifest.xml:76:9-63
	android:name
		ADDED from src/main/AndroidManifest.xml:76:19-60
activity#io.pslab.activity.ShowLoggedData
ADDED from src/main/AndroidManifest.xml:77:9-61
	android:name
		ADDED from src/main/AndroidManifest.xml:77:19-58
activity#io.pslab.activity.ControlActivity
ADDED from src/main/AndroidManifest.xml:78:9-80:62
	android:configChanges
		ADDED from src/main/AndroidManifest.xml:80:13-59
	android:name
		ADDED from src/main/AndroidManifest.xml:79:13-53
activity#io.pslab.activity.OscilloscopeActivity
ADDED from src/main/AndroidManifest.xml:81:9-84:59
	android:screenOrientation
		ADDED from src/main/AndroidManifest.xml:84:13-56
	android:configChanges
		ADDED from src/main/AndroidManifest.xml:83:13-62
	android:name
		ADDED from src/main/AndroidManifest.xml:82:13-58
activity#io.pslab.activity.SensorActivity
ADDED from src/main/AndroidManifest.xml:85:9-61
	android:name
		ADDED from src/main/AndroidManifest.xml:85:19-58
activity#io.pslab.activity.LogicalAnalyzerActivity
ADDED from src/main/AndroidManifest.xml:86:9-89:59
	android:screenOrientation
		ADDED from src/main/AndroidManifest.xml:89:13-56
	android:configChanges
		ADDED from src/main/AndroidManifest.xml:88:13-59
	android:name
		ADDED from src/main/AndroidManifest.xml:87:13-61
activity#io.pslab.activity.SensorDataLoggerActivity
ADDED from src/main/AndroidManifest.xml:90:9-71
	android:name
		ADDED from src/main/AndroidManifest.xml:90:19-68
activity#io.pslab.activity.MultimeterActivity
ADDED from src/main/AndroidManifest.xml:91:9-93:54
	android:screenOrientation
		ADDED from src/main/AndroidManifest.xml:93:13-51
	android:name
		ADDED from src/main/AndroidManifest.xml:92:13-56
activity#io.pslab.activity.PowerSourceActivity
ADDED from src/main/AndroidManifest.xml:94:9-97:70
	android:screenOrientation
		ADDED from src/main/AndroidManifest.xml:96:13-51
	android:windowSoftInputMode
		ADDED from src/main/AndroidManifest.xml:97:13-67
	android:name
		ADDED from src/main/AndroidManifest.xml:95:13-57
activity#io.pslab.activity.LuxMeterActivity
ADDED from src/main/AndroidManifest.xml:98:9-100:54
	android:screenOrientation
		ADDED from src/main/AndroidManifest.xml:100:13-51
	android:name
		ADDED from src/main/AndroidManifest.xml:99:13-54
activity#io.pslab.activity.WaveGeneratorActivity
ADDED from src/main/AndroidManifest.xml:101:9-103:54
	android:screenOrientation
		ADDED from src/main/AndroidManifest.xml:103:13-51
	android:name
		ADDED from src/main/AndroidManifest.xml:102:13-59
activity#io.pslab.activity.AccelerometerActivity
ADDED from src/main/AndroidManifest.xml:104:9-106:54
	android:screenOrientation
		ADDED from src/main/AndroidManifest.xml:106:13-51
	android:name
		ADDED from src/main/AndroidManifest.xml:105:13-59
activity#io.pslab.activity.DataLoggerActivity
ADDED from src/main/AndroidManifest.xml:107:9-65
	android:name
		ADDED from src/main/AndroidManifest.xml:107:19-62
activity#io.pslab.activity.BarometerActivity
ADDED from src/main/AndroidManifest.xml:108:9-111:54
	android:screenOrientation
		ADDED from src/main/AndroidManifest.xml:111:13-51
	android:configChanges
		ADDED from src/main/AndroidManifest.xml:110:13-74
	android:name
		ADDED from src/main/AndroidManifest.xml:109:13-55
activity#io.pslab.activity.CompassActivity
ADDED from src/main/AndroidManifest.xml:112:9-114:54
	android:screenOrientation
		ADDED from src/main/AndroidManifest.xml:114:13-51
	android:name
		ADDED from src/main/AndroidManifest.xml:113:13-53
activity#io.pslab.activity.GyroscopeActivity
ADDED from src/main/AndroidManifest.xml:115:9-117:54
	android:screenOrientation
		ADDED from src/main/AndroidManifest.xml:117:13-51
	android:name
		ADDED from src/main/AndroidManifest.xml:116:13-55
activity#io.pslab.activity.GasSensorActivity
ADDED from src/main/AndroidManifest.xml:118:9-120:54
	android:screenOrientation
		ADDED from src/main/AndroidManifest.xml:120:13-51
	android:name
		ADDED from src/main/AndroidManifest.xml:119:13-55
activity#io.pslab.activity.MapsActivity
ADDED from src/main/AndroidManifest.xml:121:9-59
	android:name
		ADDED from src/main/AndroidManifest.xml:121:19-56
activity#io.pslab.activity.DustSensorActivity
ADDED from src/main/AndroidManifest.xml:122:9-124:54
	android:screenOrientation
		ADDED from src/main/AndroidManifest.xml:124:13-51
	android:name
		ADDED from src/main/AndroidManifest.xml:123:13-56
receiver#io.pslab.receivers.USBDetachReceiver
ADDED from src/main/AndroidManifest.xml:126:9-65
	android:name
		ADDED from src/main/AndroidManifest.xml:126:19-62
activity#io.pslab.sensors.SensorADS1115
ADDED from src/main/AndroidManifest.xml:128:9-59
	android:name
		ADDED from src/main/AndroidManifest.xml:128:19-56
activity#io.pslab.sensors.SensorBMP180
ADDED from src/main/AndroidManifest.xml:129:9-58
	android:name
		ADDED from src/main/AndroidManifest.xml:129:19-55
activity#io.pslab.sensors.SensorHMC5883L
ADDED from src/main/AndroidManifest.xml:130:9-60
	android:name
		ADDED from src/main/AndroidManifest.xml:130:19-57
activity#io.pslab.sensors.SensorMLX90614
ADDED from src/main/AndroidManifest.xml:131:9-60
	android:name
		ADDED from src/main/AndroidManifest.xml:131:19-57
activity#io.pslab.sensors.SensorMPU925X
ADDED from src/main/AndroidManifest.xml:132:9-59
	android:name
		ADDED from src/main/AndroidManifest.xml:132:19-56
activity#io.pslab.sensors.SensorSHT21
ADDED from src/main/AndroidManifest.xml:133:9-57
	android:name
		ADDED from src/main/AndroidManifest.xml:133:19-54
activity#io.pslab.sensors.SensorMPU6050
ADDED from src/main/AndroidManifest.xml:134:9-59
	android:name
		ADDED from src/main/AndroidManifest.xml:134:19-56
activity#io.pslab.sensors.SensorTSL2561
ADDED from src/main/AndroidManifest.xml:135:9-59
	android:name
		ADDED from src/main/AndroidManifest.xml:135:19-56
uses-sdk
INJECTED from src/main/AndroidManifest.xml reason: use-sdk injection requested
INJECTED from src/main/AndroidManifest.xml
INJECTED from src/main/AndroidManifest.xml
MERGED from [io.realm:realm-android-library:10.18.0] AndroidManifest.xml:5:5-44
MERGED from [io.realm:realm-android-library:10.18.0] AndroidManifest.xml:5:5-44
MERGED from [com.google.android.material:material:1.12.0] AndroidManifest.xml:20:5-44
MERGED from [com.google.android.material:material:1.12.0] AndroidManifest.xml:20:5-44
MERGED from [androidx.preference:preference:1.2.1] AndroidManifest.xml:20:5-22:41
MERGED from [androidx.preference:preference:1.2.1] AndroidManifest.xml:20:5-22:41
MERGED from [androidx.constraintlayout:constraintlayout:2.1.4] AndroidManifest.xml:5:5-7:41
MERGED from [androidx.constraintlayout:constraintlayout:2.1.4] AndroidManifest.xml:5:5-7:41
MERGED from [com.github.bmelnychuk:atv:1.2.9] AndroidManifest.xml:8:5-10:41
MERGED from [com.github.bmelnychuk:atv:1.2.9] AndroidManifest.xml:8:5-10:41
MERGED from [com.github.devlight.navigationtabstrip:navigationtabstrip:1.0.4] AndroidManifest.xml:19:5-21:41
MERGED from [com.github.devlight.navigationtabstrip:navigationtabstrip:1.0.4] AndroidManifest.xml:19:5-21:41
MERGED from [com.afollestad.material-dialogs:commons:0.9.6.0] AndroidManifest.xml:8:5-10:41
MERGED from [com.afollestad.material-dialogs:commons:0.9.6.0] AndroidManifest.xml:8:5-10:41
MERGED from [com.github.tiagohm.MarkdownView:library:0.19.0] AndroidManifest.xml:7:5-9:41
MERGED from [com.github.tiagohm.MarkdownView:library:0.19.0] AndroidManifest.xml:7:5-9:41
MERGED from [com.github.mirrajabi:search-dialog:1.2.4] AndroidManifest.xml:7:5-9:41
MERGED from [com.github.mirrajabi:search-dialog:1.2.4] AndroidManifest.xml:7:5-9:41
MERGED from [com.sdsmdg.harjot:croller:1.0.7] AndroidManifest.xml:7:5-9:41
MERGED from [com.sdsmdg.harjot:croller:1.0.7] AndroidManifest.xml:7:5-9:41
MERGED from [com.github.BeppiMenozzi:Knob:1.9.0] AndroidManifest.xml:7:5-9:41
MERGED from [com.github.BeppiMenozzi:Knob:1.9.0] AndroidManifest.xml:7:5-9:41
MERGED from [com.github.Vatican-Cameos:CarouselPicker:1.2] AndroidManifest.xml:7:5-9:41
MERGED from [com.github.Vatican-Cameos:CarouselPicker:1.2] AndroidManifest.xml:7:5-9:41
MERGED from [com.github.GoodieBag:ProtractorView:v1.2] AndroidManifest.xml:7:5-9:41
MERGED from [com.github.GoodieBag:ProtractorView:v1.2] AndroidManifest.xml:7:5-9:41
MERGED from [com.github.Triggertrap:SeekArc:v1.1] AndroidManifest.xml:30:5-32:41
MERGED from [com.github.Triggertrap:SeekArc:v1.1] AndroidManifest.xml:30:5-32:41
MERGED from [androidx.appcompat:appcompat-resources:1.7.0] AndroidManifest.xml:5:5-44
MERGED from [androidx.appcompat:appcompat-resources:1.7.0] AndroidManifest.xml:5:5-44
MERGED from [com.afollestad.material-dialogs:core:0.9.6.0] AndroidManifest.xml:8:5-11:75
MERGED from [com.afollestad.material-dialogs:core:0.9.6.0] AndroidManifest.xml:8:5-11:75
MERGED from [com.github.BeppiMenozzi:BalloonPopup:0.2.8] AndroidManifest.xml:7:5-9:41
MERGED from [com.github.BeppiMenozzi:BalloonPopup:0.2.8] AndroidManifest.xml:7:5-9:41
MERGED from [me.zhanghai.android.materialprogressbar:library:1.4.2] AndroidManifest.xml:12:5-14:41
MERGED from [me.zhanghai.android.materialprogressbar:library:1.4.2] AndroidManifest.xml:12:5-14:41
MERGED from [androidx.appcompat:appcompat:1.7.0] AndroidManifest.xml:5:5-44
MERGED from [androidx.appcompat:appcompat:1.7.0] AndroidManifest.xml:5:5-44
MERGED from [androidx.cardview:cardview:1.0.0] AndroidManifest.xml:20:5-44
MERGED from [androidx.cardview:cardview:1.0.0] AndroidManifest.xml:20:5-44
MERGED from [androidx.viewpager2:viewpager2:1.1.0-beta02] AndroidManifest.xml:5:5-44
MERGED from [androidx.viewpager2:viewpager2:1.1.0-beta02] AndroidManifest.xml:5:5-44
MERGED from [androidx.recyclerview:recyclerview:1.3.2] AndroidManifest.xml:20:5-44
MERGED from [androidx.recyclerview:recyclerview:1.3.2] AndroidManifest.xml:20:5-44
MERGED from [androidx.browser:browser:1.8.0] AndroidManifest.xml:5:5-44
MERGED from [androidx.browser:browser:1.8.0] AndroidManifest.xml:5:5-44
MERGED from [com.github.PhilJay:MPAndroidChart:v3.1.0] AndroidManifest.xml:16:5-18:41
MERGED from [com.github.PhilJay:MPAndroidChart:v3.1.0] AndroidManifest.xml:16:5-18:41
MERGED from [de.hdodenhof:circleimageview:3.1.0] AndroidManifest.xml:5:5-7:41
MERGED from [de.hdodenhof:circleimageview:3.1.0] AndroidManifest.xml:5:5-7:41